<?xml version="1.0" encoding="UTF-8"?>
<!-- Generated by org.testng.reporters.JUnitReportReporter -->
<testsuite skipped="0" hostname="DESKTOP-4TC7IE6" name="com.selenium.pageobject_test.FixedDeposit_test" tests="2" failures="0" timestamp="2021-04-28T20:17:16 IST" time="14.586" errors="0">
  <testcase name="fd_200000" time="10.204" classname="com.selenium.pageobject_test.FixedDeposit_test"/>
  <system-out/>
  <testcase name="fd_100000" time="4.382" classname="com.selenium.pageobject_test.FixedDeposit_test"/>
  <system-out/>
</testsuite> <!-- com.selenium.pageobject_test.FixedDeposit_test -->
