<?xml version="1.0" encoding="UTF-8"?>
<!-- Generated by org.testng.reporters.JUnitReportReporter -->
<testsuite skipped="0" hostname="DESKTOP-4TC7IE6" name="com.practiceassignment.Insuranceweb" tests="2" failures="0" timestamp="2021-04-26T20:22:03 IST" time="28.503" errors="0">
  <testcase name="login_fin" time="12.198" classname="com.practiceassignment.Insuranceweb"/>
  <system-out/>
  <testcase name="auto_quote" time="16.305" classname="com.practiceassignment.Insuranceweb"/>
  <system-out/>
</testsuite> <!-- com.practiceassignment.Insuranceweb -->
