<?xml version="1.0" encoding="UTF-8"?>
<!-- Generated by org.testng.reporters.JUnitReportReporter -->
<testsuite skipped="0" hostname="DESKTOP-4TC7IE6" name="com.seleniumtest.testng.policyx" tests="1" failures="0" timestamp="2021-04-11T12:00:10 IST" time="3.332" errors="0">
  <testcase name="login_page" time="3.332" classname="com.seleniumtest.testng.policyx"/>
  <system-out/>
</testsuite> <!-- com.seleniumtest.testng.policyx -->
