<?xml version="1.0" encoding="UTF-8"?>
<!-- Generated by org.testng.reporters.JUnitReportReporter -->
<testsuite skipped="0" hostname="DESKTOP-4TC7IE6" name="com.seleniumtest.testng.TestYouLogin" tests="1" failures="0" timestamp="2021-04-04T16:06:57 IST" time="14.231" errors="0">
  <testcase name="TestYou_Login" time="14.231" classname="com.seleniumtest.testng.TestYouLogin"/>
  <system-out>
TestYouLogin Successfull !!  </system-out>
</testsuite> <!-- com.seleniumtest.testng.TestYouLogin -->
