<?xml version="1.0" encoding="UTF-8"?>
<!-- Generated by org.testng.reporters.JUnitReportReporter -->
<testsuite skipped="0" hostname="DESKTOP-4TC7IE6" name="com.selenium.pageobject_test.Calculator_test" tests="2" failures="0" timestamp="2021-04-28T20:16:05 IST" time="10.799" errors="0">
  <testcase name="addition" time="8.099" classname="com.selenium.pageobject_test.Calculator_test"/>
  <system-out/>
  <testcase name="substract" time="2.700" classname="com.selenium.pageobject_test.Calculator_test"/>
  <system-out/>
</testsuite> <!-- com.selenium.pageobject_test.Calculator_test -->
