<?xml version="1.0" encoding="UTF-8"?>
<!-- Generated by org.testng.reporters.JUnitReportReporter -->
<testsuite skipped="0" hostname="DESKTOP-4TC7IE6" name="com.seleniumtest.testng.CalculatorTest" tests="2" failures="0" timestamp="2021-04-10T16:17:07 IST" time="4.209" errors="0">
  <testcase name="CalculatorApp" time="2.725" classname="com.seleniumtest.testng.CalculatorTest"/>
  <system-out/>
  <testcase name="calculatorOperation" time="1.484" classname="com.seleniumtest.testng.CalculatorTest"/>
  <system-out/>
</testsuite> <!-- com.seleniumtest.testng.CalculatorTest -->
