<?xml version="1.0" encoding="UTF-8"?>
<!-- Generated by org.testng.reporters.JUnitReportReporter -->
<testsuite skipped="0" hostname="DESKTOP-4TC7IE6" name="com.seleniumtest.testng.NewTest" tests="2" failures="0" timestamp="2021-04-04T18:05:02 IST" time="8.324" errors="0">
  <testcase name="Login_Page" time="4.432" classname="com.seleniumtest.testng.NewTest"/>
  <system-out/>
  <testcase name="logout" time="3.892" classname="com.seleniumtest.testng.NewTest"/>
  <system-out/>
</testsuite> <!-- com.seleniumtest.testng.NewTest -->
