<?xml version="1.0" encoding="UTF-8"?>
<!-- Generated by org.testng.reporters.JUnitReportReporter -->
<testsuite skipped="0" hostname="DESKTOP-4TC7IE6" name="com.practiceassignment.BlazeDemo" tests="5" failures="0" timestamp="2021-04-20T21:10:34 IST" time="13.864" errors="0">
  <testcase name="blaze_demo" time="2.288" classname="com.practiceassignment.BlazeDemo"/>
  <system-out/>
  <testcase name="blaze_dept" time="1.213" classname="com.practiceassignment.BlazeDemo"/>
  <system-out/>
  <testcase name="blaze_des" time="6.392" classname="com.practiceassignment.BlazeDemo"/>
  <system-out/>
  <testcase name="blaze_flight" time="0.237" classname="com.practiceassignment.BlazeDemo"/>
  <system-out/>
  <testcase name="blaze_form" time="3.734" classname="com.practiceassignment.BlazeDemo"/>
  <system-out/>
</testsuite> <!-- com.practiceassignment.BlazeDemo -->
