<?xml version="1.0" encoding="UTF-8"?>
<!-- Generated by org.testng.reporters.JUnitReportReporter -->
<testsuite skipped="0" hostname="DESKTOP-4TC7IE6" name="com.seleniumtest.testng.compendiumdev" tests="4" failures="0" timestamp="2021-04-11T15:37:46 IST" time="19.614" errors="0">
  <testcase name="softTest" time="5.639" classname="com.seleniumtest.testng.compendiumdev"/>
  <system-out/>
  <testcase name="hireMe" time="6.860" classname="com.seleniumtest.testng.compendiumdev"/>
  <system-out/>
  <testcase name="e_training" time="3.656" classname="com.seleniumtest.testng.compendiumdev"/>
  <system-out/>
  <testcase name="books" time="3.459" classname="com.seleniumtest.testng.compendiumdev"/>
  <system-out/>
</testsuite> <!-- com.seleniumtest.testng.compendiumdev -->
