<?xml version="1.0" encoding="UTF-8"?>
<!-- Generated by org.testng.reporters.JUnitReportReporter -->
<testsuite skipped="0" hostname="DESKTOP-4TC7IE6" name="com.seleniumtest.testng.HRM_Login" tests="1" failures="0" timestamp="2021-05-15T16:55:41 IST" time="19.829" errors="0">
  <testcase name="Login" time="19.829" classname="com.seleniumtest.testng.HRM_Login"/>
  <system-out>
OrangeHRM_Login Successfull !!  </system-out>
</testsuite> <!-- com.seleniumtest.testng.HRM_Login -->
