<?xml version="1.0" encoding="UTF-8"?>
<!-- Generated by org.testng.reporters.JUnitReportReporter -->
<testsuite skipped="0" hostname="DESKTOP-4TC7IE6" name="com.seleniumtest.testng.MutualLogin" tests="2" failures="0" timestamp="2021-05-15T16:55:41 IST" time="10.142" errors="0">
  <testcase name="loginAltoroMutual_admin" time="10.141" classname="com.seleniumtest.testng.MutualLogin"/>
  <system-out>
AltoroMutual_Login Successfull !!  </system-out>
  <testcase name="loginAlotroMutual_Sample" time="0.001" classname="com.seleniumtest.testng.MutualLogin"/>
  <system-out/>
</testsuite> <!-- com.seleniumtest.testng.MutualLogin -->
